<?xml version="1.0" encoding="UTF-8"?>
<testng-results ignored="0" total="7" passed="7" failed="0" skipped="0">
  <reporter-output>
  </reporter-output>
  <suite started-at="2025-07-09T20:55:52 IST" name="Suite" finished-at="2025-07-09T20:56:59 IST" duration-ms="67057">
    <groups>
      <group name="cucumber">
        <method signature="AbstractTestNGCucumberTests.runScenario(io.cucumber.testng.PickleWrapper,io.cucumber.testng.FeatureWrapper)[pri:0, instance:runner.RunnerTest@2a4fb17b]" name="runScenario" class="io.cucumber.testng.AbstractTestNGCucumberTests"/>
      </group> <!-- cucumber -->
    </groups>
    <test started-at="2025-07-09T20:55:52 IST" name="Test" finished-at="2025-07-09T20:56:59 IST" duration-ms="67057">
      <class name="runner.RunnerTest">
        <test-method is-config="true" signature="setUpClass(org.testng.ITestContext)[pri:0, instance:runner.RunnerTest@2a4fb17b]" started-at="2025-07-09T20:55:52 IST" name="setUpClass" finished-at="2025-07-09T20:55:57 IST" duration-ms="4921" status="PASS">
          <params>
            <param index="0">
              <value>
                <![CDATA[org.testng.TestRunner@7a55f148]]>
              </value>
            </param>
          </params>
          <reporter-output>
          </reporter-output>
        </test-method> <!-- setUpClass -->
        <test-method signature="runScenario(io.cucumber.testng.PickleWrapper,io.cucumber.testng.FeatureWrapper)[pri:0, instance:runner.RunnerTest@2a4fb17b]" started-at="2025-07-09T20:55:57 IST" name="runScenario" description="Runs Cucumber Scenarios" data-provider="scenarios" finished-at="2025-07-09T20:56:05 IST" duration-ms="8037" status="PASS">
          <params>
            <param index="0">
              <value>
                <![CDATA["validate Login Functionality by entering username"]]>
              </value>
            </param>
            <param index="1">
              <value>
                <![CDATA["Test Orange HRM Application"]]>
              </value>
            </param>
          </params>
          <reporter-output>
          </reporter-output>
        </test-method> <!-- runScenario -->
        <test-method signature="runScenario(io.cucumber.testng.PickleWrapper,io.cucumber.testng.FeatureWrapper)[pri:0, instance:runner.RunnerTest@2a4fb17b]" started-at="2025-07-09T20:56:05 IST" name="runScenario" description="Runs Cucumber Scenarios" data-provider="scenarios" finished-at="2025-07-09T20:56:14 IST" duration-ms="8324" status="PASS">
          <params>
            <param index="0">
              <value>
                <![CDATA["validate Login Functionality by entering password"]]>
              </value>
            </param>
            <param index="1">
              <value>
                <![CDATA["Test Orange HRM Application"]]>
              </value>
            </param>
          </params>
          <reporter-output>
          </reporter-output>
        </test-method> <!-- runScenario -->
        <test-method signature="runScenario(io.cucumber.testng.PickleWrapper,io.cucumber.testng.FeatureWrapper)[pri:0, instance:runner.RunnerTest@2a4fb17b]" started-at="2025-07-09T20:56:14 IST" name="runScenario" description="Runs Cucumber Scenarios" data-provider="scenarios" finished-at="2025-07-09T20:56:24 IST" duration-ms="9823" status="PASS">
          <params>
            <param index="0">
              <value>
                <![CDATA["validate Login Functionality by entering invalid credentails"]]>
              </value>
            </param>
            <param index="1">
              <value>
                <![CDATA["Test Orange HRM Application"]]>
              </value>
            </param>
          </params>
          <reporter-output>
          </reporter-output>
        </test-method> <!-- runScenario -->
        <test-method signature="runScenario(io.cucumber.testng.PickleWrapper,io.cucumber.testng.FeatureWrapper)[pri:0, instance:runner.RunnerTest@2a4fb17b]" started-at="2025-07-09T20:56:24 IST" name="runScenario" description="Runs Cucumber Scenarios" data-provider="scenarios" finished-at="2025-07-09T20:56:32 IST" duration-ms="8145" status="PASS">
          <params>
            <param index="0">
              <value>
                <![CDATA["validate Login Functionality by entering valid credentails"]]>
              </value>
            </param>
            <param index="1">
              <value>
                <![CDATA["Test Orange HRM Application"]]>
              </value>
            </param>
          </params>
          <reporter-output>
          </reporter-output>
        </test-method> <!-- runScenario -->
        <test-method signature="runScenario(io.cucumber.testng.PickleWrapper,io.cucumber.testng.FeatureWrapper)[pri:0, instance:runner.RunnerTest@2a4fb17b]" started-at="2025-07-09T20:56:32 IST" name="runScenario" description="Runs Cucumber Scenarios" data-provider="scenarios" finished-at="2025-07-09T20:56:41 IST" duration-ms="8913" status="PASS">
          <params>
            <param index="0">
              <value>
                <![CDATA["Validate HomePage Funtionality"]]>
              </value>
            </param>
            <param index="1">
              <value>
                <![CDATA["Test Orange HRM Application"]]>
              </value>
            </param>
          </params>
          <reporter-output>
          </reporter-output>
        </test-method> <!-- runScenario -->
        <test-method signature="runScenario(io.cucumber.testng.PickleWrapper,io.cucumber.testng.FeatureWrapper)[pri:0, instance:runner.RunnerTest@2a4fb17b]" started-at="2025-07-09T20:56:41 IST" name="runScenario" description="Runs Cucumber Scenarios" data-provider="scenarios" finished-at="2025-07-09T20:56:50 IST" duration-ms="9292" status="PASS">
          <params>
            <param index="0">
              <value>
                <![CDATA["Valdiate Pim Page Functionlaity"]]>
              </value>
            </param>
            <param index="1">
              <value>
                <![CDATA["Test Orange HRM Application"]]>
              </value>
            </param>
          </params>
          <reporter-output>
          </reporter-output>
        </test-method> <!-- runScenario -->
        <test-method signature="runScenario(io.cucumber.testng.PickleWrapper,io.cucumber.testng.FeatureWrapper)[pri:0, instance:runner.RunnerTest@2a4fb17b]" started-at="2025-07-09T20:56:50 IST" name="runScenario" description="Runs Cucumber Scenarios" data-provider="scenarios" finished-at="2025-07-09T20:56:59 IST" duration-ms="9542" status="PASS">
          <params>
            <param index="0">
              <value>
                <![CDATA["Enter Employ Personal Information"]]>
              </value>
            </param>
            <param index="1">
              <value>
                <![CDATA["Test Orange HRM Application"]]>
              </value>
            </param>
          </params>
          <reporter-output>
          </reporter-output>
        </test-method> <!-- runScenario -->
        <test-method is-config="true" signature="tearDownClass()[pri:0, instance:runner.RunnerTest@2a4fb17b]" started-at="2025-07-09T20:56:59 IST" name="tearDownClass" finished-at="2025-07-09T20:56:59 IST" duration-ms="3" status="PASS">
          <reporter-output>
          </reporter-output>
        </test-method> <!-- tearDownClass -->
      </class> <!-- runner.RunnerTest -->
    </test> <!-- Test -->
  </suite> <!-- Suite -->
</testng-results>
